<?xml version="1.0" encoding="UTF-8"?>
<!-- Generated by org.testng.reporters.JUnitXMLReporter -->
<testsuite ignored="0" hostname="DELL" failures="1" tests="4" name="ChromeTest" time="0.211" errors="0" timestamp="2022-09-29T11:19:48 IST">
  <testcase classname="testNG1.Test2" name="testC" time="0.024"/>
  <testcase classname="testNG1.Test2" name="testD" time="0.007"/>
  <testcase classname="testNG1.Test1" name="testA" time="0.01">
    <failure type="java.lang.AssertionError" message="null">
      <![CDATA[java.lang.AssertionError: null
at testNG1.Test1.testA(Test1.java:46)
at java.base/java.util.ArrayList.forEach(ArrayList.java:1511)
... Removed 29 stack frames]]>
    </failure>
  </testcase> <!-- testA -->
  <testcase classname="testNG1.Test1" name="testB" time="0.008"/>
</testsuite> <!-- ChromeTest -->
