<?xml version="1.0" encoding="UTF-8"?>
<!-- Generated by org.testng.reporters.JUnitXMLReporter -->
<testsuite ignored="0" hostname="DELL" failures="0" tests="4" name="Test" time="0.154" errors="0" timestamp="2022-09-28T19:13:03 IST">
  <testcase classname="testNG1.Test2" name="testC" time="0.016"/>
  <testcase classname="testNG1.Test2" name="testD" time="0.004"/>
  <testcase classname="testNG1.Test1" name="testA" time="0.005"/>
  <testcase classname="testNG1.Test1" name="testB" time="0.006"/>
</testsuite> <!-- Test -->
